-Xajruntimetarget:1.5
-1.8
-encoding
UTF-8
-source
1.8
-target
1.8
-classpath
d:\MyDocs-Maven-Repo1\org\projectlombok\lombok\1.18.34\lombok-1.18.34.jar;d:\MyDocs-Maven-Repo1\org\apache\logging\log4j\log4j-api\2.23.1\log4j-api-2.23.1.jar;d:\MyDocs-Maven-Repo1\org\apache\logging\log4j\log4j-core\2.23.1\log4j-core-2.23.1.jar;d:\MyDocs-Maven-Repo1\org\apache\logging\log4j\log4j-slf4j2-impl\2.23.1\log4j-slf4j2-impl-2.23.1.jar;d:\MyDocs-Maven-Repo1\org\slf4j\slf4j-api\2.0.16\slf4j-api-2.0.16.jar;d:\MyDocs-Maven-Repo1\mil\teng\q2024\sub-prj-animals-by-classes\1.0-SNAPSHOT\sub-prj-animals-by-classes-1.0-SNAPSHOT.jar;d:\MyDocs-Maven-Repo1\org\aspectj\aspectjrt\1.9.7\aspectjrt-1.9.7.jar;d:\MyDocs-Maven-Repo1\org\junit\jupiter\junit-jupiter-api\5.11.0\junit-jupiter-api-5.11.0.jar;d:\MyDocs-Maven-Repo1\org\junit\jupiter\junit-jupiter-params\5.11.0\junit-jupiter-params-5.11.0.jar;D:\TengDevGithub\java8-apps-testlab\24B-AspectJ-springAop\target\classes
-d
D:\TengDevGithub\java8-apps-testlab\24B-AspectJ-springAop\target\classes
-s
D:\TengDevGithub\java8-apps-testlab\24B-AspectJ-springAop\target\generated-sources\aspectj-maven-plugin
D:\TengDevGithub\java8-apps-testlab\24B-AspectJ-springAop\src\main\java\mil\teng\q2024\aspect4call\App.java
D:\TengDevGithub\java8-apps-testlab\24B-AspectJ-springAop\src\main\java\mil\teng\q2024\aspect4call\AspectedLombok.java
D:\TengDevGithub\java8-apps-testlab\24B-AspectJ-springAop\src\main\java\mil\teng\q2024\aspect4call\aspects\ExternalAspects.java
D:\TengDevGithub\java8-apps-testlab\24B-AspectJ-springAop\src\main\java\mil\teng\q2024\aspect4call\aspects\ExternalSubcallAspects.java
D:\TengDevGithub\java8-apps-testlab\24B-AspectJ-springAop\src\main\java\mil\teng\q2024\aspect4call\aspects\InterProjectAspect.java
D:\TengDevGithub\java8-apps-testlab\24B-AspectJ-springAop\src\main\java\mil\teng\q2024\aspect4call\InterProjectCall.java
